Sun Jun 03 14:25:28 Saved as file BACKUP1.MAX
Sun Jun 03 14:25:28 Saved as file C:\MEUS DOCUMENTOS\PROJETOS\REGULADOR D FONTE\REGULADOR.MAX
Sun Jun 03 14:25:29 UserDiv from Layout.INI for AutoECO: 60
Sun Jun 03 14:25:30 Loaded file C:\MEUS DOCUMENTOS\PROJETOS\REGULADOR D FONTE\REGULADOR.MAX
Sun Jun 03 14:25:31 Loaded file C:\PROGRAM FILES\ORCAD\LAYOUT_PLUS\library\BCON100T.llb
Sun Jun 03 14:25:31 Loaded file C:\PROGRAM FILES\ORCAD\LAYOUT_PLUS\library\BCON156T.llb
Sun Jun 03 14:25:34 Loaded file C:\PROGRAM FILES\ORCAD\LAYOUT_PLUS\library\BGA.llb
Sun Jun 03 14:25:34 Loaded file C:\PROGRAM FILES\ORCAD\LAYOUT_PLUS\library\CLCC.llb
Sun Jun 03 14:25:35 Loaded file C:\PROGRAM FILES\ORCAD\LAYOUT_PLUS\library\DCON050T.llb
Sun Jun 03 14:25:35 Loaded file C:\PROGRAM FILES\ORCAD\LAYOUT_PLUS\library\DCON085T.llb
Sun Jun 03 14:25:35 Loaded file C:\PROGRAM FILES\ORCAD\LAYOUT_PLUS\library\DIMM050F.llb
Sun Jun 03 14:25:36 Loaded file C:\PROGRAM FILES\ORCAD\LAYOUT_PLUS\library\DIMM050T.llb
Sun Jun 03 14:25:36 Loaded file C:\PROGRAM FILES\ORCAD\LAYOUT_PLUS\library\DIN.llb
Sun Jun 03 14:25:36 Loaded file C:\PROGRAM FILES\ORCAD\LAYOUT_PLUS\library\DIP100B.llb
Sun Jun 03 14:25:36 Loaded file C:\PROGRAM FILES\ORCAD\LAYOUT_PLUS\library\DIP100T.llb
Sun Jun 03 14:25:36 Loaded file C:\PROGRAM FILES\ORCAD\LAYOUT_PLUS\library\DSUBT.llb
Sun Jun 03 14:25:36 Loaded file C:\PROGRAM FILES\ORCAD\LAYOUT_PLUS\library\DSUBT_HD.LLB
Sun Jun 03 14:25:37 Loaded file C:\PROGRAM FILES\ORCAD\LAYOUT_PLUS\library\ECON100T.llb
Sun Jun 03 14:25:37 Loaded file C:\PROGRAM FILES\ORCAD\LAYOUT_PLUS\library\FBUS.llb
Sun Jun 03 14:25:37 Loaded file C:\PROGRAM FILES\ORCAD\LAYOUT_PLUS\library\ISA.llb
Sun Jun 03 14:25:37 Loaded file C:\PROGRAM FILES\ORCAD\LAYOUT_PLUS\library\JUMPER.LLB
Sun Jun 03 14:25:37 Loaded file C:\PROGRAM FILES\ORCAD\LAYOUT_PLUS\library\LAYOUT.llb
Sun Jun 03 14:25:37 Loaded file C:\PROGRAM FILES\ORCAD\LAYOUT_PLUS\library\LCON100T.llb
Sun Jun 03 14:25:37 Loaded file C:\PROGRAM FILES\ORCAD\LAYOUT_PLUS\library\PC104.llb
Sun Jun 03 14:25:38 Loaded file C:\PROGRAM FILES\ORCAD\LAYOUT_PLUS\library\PCI.llb
Sun Jun 03 14:25:38 Loaded file C:\PROGRAM FILES\ORCAD\LAYOUT_PLUS\library\PCON100T.llb
Sun Jun 03 14:25:38 Loaded file C:\PROGRAM FILES\ORCAD\LAYOUT_PLUS\library\PCON156T.llb
Sun Jun 03 14:25:39 Loaded file C:\PROGRAM FILES\ORCAD\LAYOUT_PLUS\library\PGA.llb
Sun Jun 03 14:25:39 Loaded file C:\PROGRAM FILES\ORCAD\LAYOUT_PLUS\library\PLCC.llb
Sun Jun 03 14:25:40 Loaded file C:\PROGRAM FILES\ORCAD\LAYOUT_PLUS\library\QUAD.llb
Sun Jun 03 14:25:41 Loaded file C:\PROGRAM FILES\ORCAD\LAYOUT_PLUS\library\QUADB.llb
Sun Jun 03 14:25:41 Loaded file C:\PROGRAM FILES\ORCAD\LAYOUT_PLUS\library\RELAY.llb
Sun Jun 03 14:25:41 Loaded file C:\PROGRAM FILES\ORCAD\LAYOUT_PLUS\library\RF.llb
Sun Jun 03 14:25:41 Loaded file C:\PROGRAM FILES\ORCAD\LAYOUT_PLUS\library\SBUS.llb
Sun Jun 03 14:25:41 Loaded file C:\PROGRAM FILES\ORCAD\LAYOUT_PLUS\library\SIMM050F.llb
Sun Jun 03 14:25:41 Loaded file C:\PROGRAM FILES\ORCAD\LAYOUT_PLUS\library\SIMM050T.llb
Sun Jun 03 14:25:42 Loaded file C:\PROGRAM FILES\ORCAD\LAYOUT_PLUS\library\SIMM100F.llb
Sun Jun 03 14:25:42 Loaded file C:\PROGRAM FILES\ORCAD\LAYOUT_PLUS\library\SIMM100T.llb
Sun Jun 03 14:25:42 Loaded file C:\PROGRAM FILES\ORCAD\LAYOUT_PLUS\library\SIP.llb
Sun Jun 03 14:25:42 Loaded file C:\PROGRAM FILES\ORCAD\LAYOUT_PLUS\library\SM.llb
Sun Jun 03 14:25:42 Loaded file C:\PROGRAM FILES\ORCAD\LAYOUT_PLUS\library\SOG.llb
Sun Jun 03 14:25:43 Loaded file C:\PROGRAM FILES\ORCAD\LAYOUT_PLUS\library\SOJ.llb
Sun Jun 03 14:25:43 Loaded file C:\PROGRAM FILES\ORCAD\LAYOUT_PLUS\library\STIFF.llb
Sun Jun 03 14:25:43 Loaded file C:\PROGRAM FILES\ORCAD\LAYOUT_PLUS\library\TELE.llb
Sun Jun 03 14:25:43 Loaded file C:\PROGRAM FILES\ORCAD\LAYOUT_PLUS\library\TM_AXIAL.llb
Sun Jun 03 14:25:43 Loaded file C:\PROGRAM FILES\ORCAD\LAYOUT_PLUS\library\TM_CAP_P.llb
Sun Jun 03 14:25:44 Loaded file C:\PROGRAM FILES\ORCAD\LAYOUT_PLUS\library\TM_CYLND.llb
Sun Jun 03 14:25:44 Loaded file C:\PROGRAM FILES\ORCAD\LAYOUT_PLUS\library\TM_DIODE.llb
Sun Jun 03 14:25:44 Loaded file C:\PROGRAM FILES\ORCAD\LAYOUT_PLUS\library\TM_DISC.llb
Sun Jun 03 14:25:44 Loaded file C:\PROGRAM FILES\ORCAD\LAYOUT_PLUS\library\TM_RAD.llb
Sun Jun 03 14:25:45 Loaded file C:\PROGRAM FILES\ORCAD\LAYOUT_PLUS\library\TO.llb
Sun Jun 03 14:25:45 Loaded file C:\PROGRAM FILES\ORCAD\LAYOUT_PLUS\library\TRAINING.LLB
Sun Jun 03 14:25:45 Loaded file C:\PROGRAM FILES\ORCAD\LAYOUT_PLUS\library\VRES.llb
Sun Jun 03 14:25:46 Loaded file C:\PROGRAM FILES\ORCAD\LAYOUT_PLUS\library\WCON100T.llb
Sun Jun 03 14:25:46 Loaded file C:\PROGRAM FILES\ORCAD\LAYOUT_PLUS\library\XT.llb
Sun Jun 03 14:25:46 Loaded file C:\PROGRAM FILES\ORCAD\LAYOUT_PLUS\library\ZIGZAG.llb
Sun Jun 03 14:25:47 Library file not found:USER.PRT
Sun Jun 03 14:25:47 Library file not found:USER.PRT
Sun Jun 03 14:25:59 Loaded file C:\PROGRAM FILES\ORCAD\LAYOUT_PLUS\data\template.imp
Sun Jun 03 14:25:59 Loaded file C:\PROGRAM FILES\ORCAD\LAYOUT_PLUS\data\template.imp
Sun Jun 03 14:26:03 Loaded file C:\PROGRAM FILES\ORCAD\LAYOUT_PLUS\data\template.imp
Sun Jun 03 14:26:05 Library file not found:USER.PRT
Sun Jun 03 14:26:17 Loaded file C:\PROGRAM FILES\ORCAD\LAYOUT_PLUS\data\template.imp
Sun Jun 03 14:26:18 Loaded file C:\PROGRAM FILES\ORCAD\LAYOUT_PLUS\data\template.imp
Sun Jun 03 14:27:02 Loaded file C:\MEUS DOCUMENTOS\PROJETOS\REGULADOR D FONTE\REGULADOR.MAX
Sun Jun 03 14:36:19 Saved as file BACKUP1.MAX
Sun Jun 03 14:37:57 Saved as file C:\MEUS DOCUMENTOS\PROJETOS\REGULADOR D FONTE\REGULADOR.MAX
Sun Jun 03 14:38:30 Loaded file C:\MEUS DOCUMENTOS\PROJETOS\REGULADOR D FONTE\REGULADOR.MAX
Sun Jun 03 14:38:30 Loaded file C:\MEUS DOCUMENTOS\PROJETOS\TEMPLATE\BLIBIOTECA LAYOUT.LLB
Sun Jun 03 14:38:30 Loaded file C:\PROGRAM FILES\ORCAD\LAYOUT_PLUS\library\BCON100T.llb
Sun Jun 03 14:38:31 Loaded file C:\PROGRAM FILES\ORCAD\LAYOUT_PLUS\library\BCON156T.llb
Sun Jun 03 14:38:31 Loaded file C:\PROGRAM FILES\ORCAD\LAYOUT_PLUS\library\BGA.llb
Sun Jun 03 14:38:32 Loaded file C:\PROGRAM FILES\ORCAD\LAYOUT_PLUS\library\CLCC.llb
Sun Jun 03 14:38:32 Loaded file C:\PROGRAM FILES\ORCAD\LAYOUT_PLUS\library\DCON050T.llb
Sun Jun 03 14:38:32 Loaded file C:\PROGRAM FILES\ORCAD\LAYOUT_PLUS\library\DCON085T.llb
Sun Jun 03 14:38:32 Loaded file C:\PROGRAM FILES\ORCAD\LAYOUT_PLUS\library\DIMM050F.llb
Sun Jun 03 14:38:32 Loaded file C:\PROGRAM FILES\ORCAD\LAYOUT_PLUS\library\DIMM050T.llb
Sun Jun 03 14:38:32 Loaded file C:\PROGRAM FILES\ORCAD\LAYOUT_PLUS\library\DIN.llb
Sun Jun 03 14:38:32 Loaded file C:\PROGRAM FILES\ORCAD\LAYOUT_PLUS\library\DIP100B.llb
Sun Jun 03 14:38:32 Loaded file C:\PROGRAM FILES\ORCAD\LAYOUT_PLUS\library\DIP100T.llb
Sun Jun 03 14:38:32 Loaded file C:\PROGRAM FILES\ORCAD\LAYOUT_PLUS\library\DSUBT.llb
Sun Jun 03 14:38:32 Loaded file C:\PROGRAM FILES\ORCAD\LAYOUT_PLUS\library\DSUBT_HD.LLB
Sun Jun 03 14:38:33 Loaded file C:\PROGRAM FILES\ORCAD\LAYOUT_PLUS\library\ECON100T.llb
Sun Jun 03 14:38:33 Loaded file C:\PROGRAM FILES\ORCAD\LAYOUT_PLUS\library\FBUS.llb
Sun Jun 03 14:38:33 Loaded file C:\PROGRAM FILES\ORCAD\LAYOUT_PLUS\library\ISA.llb
Sun Jun 03 14:38:33 Loaded file C:\PROGRAM FILES\ORCAD\LAYOUT_PLUS\library\JUMPER.LLB
Sun Jun 03 14:38:33 Loaded file C:\PROGRAM FILES\ORCAD\LAYOUT_PLUS\library\LAYOUT.llb
Sun Jun 03 14:38:33 Loaded file C:\PROGRAM FILES\ORCAD\LAYOUT_PLUS\library\LCON100T.llb
Sun Jun 03 14:38:33 Loaded file C:\PROGRAM FILES\ORCAD\LAYOUT_PLUS\library\PC104.llb
Sun Jun 03 14:38:33 Loaded file C:\PROGRAM FILES\ORCAD\LAYOUT_PLUS\library\PCI.llb
Sun Jun 03 14:38:33 Loaded file C:\PROGRAM FILES\ORCAD\LAYOUT_PLUS\library\PCON100T.llb
Sun Jun 03 14:38:33 Loaded file C:\PROGRAM FILES\ORCAD\LAYOUT_PLUS\library\PCON156T.llb
Sun Jun 03 14:38:34 Loaded file C:\PROGRAM FILES\ORCAD\LAYOUT_PLUS\library\PGA.llb
Sun Jun 03 14:38:34 Loaded file C:\PROGRAM FILES\ORCAD\LAYOUT_PLUS\library\PLCC.llb
Sun Jun 03 14:38:35 Loaded file C:\PROGRAM FILES\ORCAD\LAYOUT_PLUS\library\QUAD.llb
Sun Jun 03 14:38:35 Loaded file C:\PROGRAM FILES\ORCAD\LAYOUT_PLUS\library\QUADB.llb
Sun Jun 03 14:38:35 Loaded file C:\PROGRAM FILES\ORCAD\LAYOUT_PLUS\library\RELAY.llb
Sun Jun 03 14:38:35 Loaded file C:\PROGRAM FILES\ORCAD\LAYOUT_PLUS\library\RF.llb
Sun Jun 03 14:38:35 Loaded file C:\PROGRAM FILES\ORCAD\LAYOUT_PLUS\library\SBUS.llb
Sun Jun 03 14:38:35 Loaded file C:\PROGRAM FILES\ORCAD\LAYOUT_PLUS\library\SIMM050F.llb
Sun Jun 03 14:38:36 Loaded file C:\PROGRAM FILES\ORCAD\LAYOUT_PLUS\library\SIMM050T.llb
Sun Jun 03 14:38:36 Loaded file C:\PROGRAM FILES\ORCAD\LAYOUT_PLUS\library\SIMM100F.llb
Sun Jun 03 14:38:36 Loaded file C:\PROGRAM FILES\ORCAD\LAYOUT_PLUS\library\SIMM100T.llb
Sun Jun 03 14:38:36 Loaded file C:\PROGRAM FILES\ORCAD\LAYOUT_PLUS\library\SIP.llb
Sun Jun 03 14:38:36 Loaded file C:\PROGRAM FILES\ORCAD\LAYOUT_PLUS\library\SM.llb
Sun Jun 03 14:38:36 Loaded file C:\PROGRAM FILES\ORCAD\LAYOUT_PLUS\library\SOG.llb
Sun Jun 03 14:38:37 Loaded file C:\PROGRAM FILES\ORCAD\LAYOUT_PLUS\library\SOJ.llb
Sun Jun 03 14:38:37 Loaded file C:\PROGRAM FILES\ORCAD\LAYOUT_PLUS\library\STIFF.llb
Sun Jun 03 14:38:37 Loaded file C:\PROGRAM FILES\ORCAD\LAYOUT_PLUS\library\TELE.llb
Sun Jun 03 14:38:37 Loaded file C:\PROGRAM FILES\ORCAD\LAYOUT_PLUS\library\TM_AXIAL.llb
Sun Jun 03 14:38:37 Loaded file C:\PROGRAM FILES\ORCAD\LAYOUT_PLUS\library\TM_CAP_P.llb
Sun Jun 03 14:38:37 Loaded file C:\PROGRAM FILES\ORCAD\LAYOUT_PLUS\library\TM_CYLND.llb
Sun Jun 03 14:38:38 Loaded file C:\PROGRAM FILES\ORCAD\LAYOUT_PLUS\library\TM_DIODE.llb
Sun Jun 03 14:38:38 Loaded file C:\PROGRAM FILES\ORCAD\LAYOUT_PLUS\library\TM_DISC.llb
Sun Jun 03 14:38:38 Loaded file C:\PROGRAM FILES\ORCAD\LAYOUT_PLUS\library\TM_RAD.llb
Sun Jun 03 14:38:38 Loaded file C:\PROGRAM FILES\ORCAD\LAYOUT_PLUS\library\TO.llb
Sun Jun 03 14:38:39 Loaded file C:\PROGRAM FILES\ORCAD\LAYOUT_PLUS\library\TRAINING.LLB
Sun Jun 03 14:38:39 Loaded file C:\PROGRAM FILES\ORCAD\LAYOUT_PLUS\library\VRES.llb
Sun Jun 03 14:38:39 Loaded file C:\PROGRAM FILES\ORCAD\LAYOUT_PLUS\library\WCON100T.llb
Sun Jun 03 14:38:39 Loaded file C:\PROGRAM FILES\ORCAD\LAYOUT_PLUS\library\XT.llb
Sun Jun 03 14:38:39 Loaded file C:\PROGRAM FILES\ORCAD\LAYOUT_PLUS\library\ZIGZAG.llb
Sun Jun 03 14:48:26 Saved as file C:\MEUS DOCUMENTOS\PROJETOS\REGULADOR D FONTE\REGULADOR.MAX
Sun Jun 03 14:48:26 Saved as file BACKUP1.MAX
Sun Jun 03 14:48:26 Saved as file C:\MEUS DOCUMENTOS\PROJETOS\REGULADOR D FONTE\REGULADOR.MAX
Sun Jun 03 14:48:27 UserDiv from Layout.INI for AutoECO: 60
Sun Jun 03 14:48:27 Loaded file C:\MEUS DOCUMENTOS\PROJETOS\REGULADOR D FONTE\REGULADOR.MAX
Sun Jun 03 14:48:28 Loaded file C:\MEUS DOCUMENTOS\PROJETOS\TEMPLATE\BLIBIOTECA LAYOUT.LLB
Sun Jun 03 14:48:29 Loaded file C:\PROGRAM FILES\ORCAD\LAYOUT_PLUS\library\BCON100T.llb
Sun Jun 03 14:48:29 Loaded file C:\PROGRAM FILES\ORCAD\LAYOUT_PLUS\library\BCON156T.llb
Sun Jun 03 14:48:30 Loaded file C:\PROGRAM FILES\ORCAD\LAYOUT_PLUS\library\BGA.llb
Sun Jun 03 14:48:30 Loaded file C:\PROGRAM FILES\ORCAD\LAYOUT_PLUS\library\CLCC.llb
Sun Jun 03 14:48:30 Loaded file C:\PROGRAM FILES\ORCAD\LAYOUT_PLUS\library\DCON050T.llb
Sun Jun 03 14:48:30 Loaded file C:\PROGRAM FILES\ORCAD\LAYOUT_PLUS\library\DCON085T.llb
Sun Jun 03 14:48:30 Loaded file C:\PROGRAM FILES\ORCAD\LAYOUT_PLUS\library\DIMM050F.llb
Sun Jun 03 14:48:30 Loaded file C:\PROGRAM FILES\ORCAD\LAYOUT_PLUS\library\DIMM050T.llb
Sun Jun 03 14:48:30 Loaded file C:\PROGRAM FILES\ORCAD\LAYOUT_PLUS\library\DIN.llb
Sun Jun 03 14:48:30 Loaded file C:\PROGRAM FILES\ORCAD\LAYOUT_PLUS\library\DIP100B.llb
Sun Jun 03 14:48:31 Loaded file C:\PROGRAM FILES\ORCAD\LAYOUT_PLUS\library\DIP100T.llb
Sun Jun 03 14:48:31 Loaded file C:\PROGRAM FILES\ORCAD\LAYOUT_PLUS\library\DSUBT.llb
Sun Jun 03 14:48:31 Loaded file C:\PROGRAM FILES\ORCAD\LAYOUT_PLUS\library\DSUBT_HD.LLB
Sun Jun 03 14:48:31 Loaded file C:\PROGRAM FILES\ORCAD\LAYOUT_PLUS\library\ECON100T.llb
Sun Jun 03 14:48:31 Loaded file C:\PROGRAM FILES\ORCAD\LAYOUT_PLUS\library\FBUS.llb
Sun Jun 03 14:48:31 Loaded file C:\PROGRAM FILES\ORCAD\LAYOUT_PLUS\library\ISA.llb
Sun Jun 03 14:48:31 Loaded file C:\PROGRAM FILES\ORCAD\LAYOUT_PLUS\library\JUMPER.LLB
Sun Jun 03 14:48:31 Loaded file C:\PROGRAM FILES\ORCAD\LAYOUT_PLUS\library\LAYOUT.llb
Sun Jun 03 14:48:32 Loaded file C:\PROGRAM FILES\ORCAD\LAYOUT_PLUS\library\LCON100T.llb
Sun Jun 03 14:48:32 Loaded file C:\PROGRAM FILES\ORCAD\LAYOUT_PLUS\library\PC104.llb
Sun Jun 03 14:48:32 Loaded file C:\PROGRAM FILES\ORCAD\LAYOUT_PLUS\library\PCI.llb
Sun Jun 03 14:48:32 Loaded file C:\PROGRAM FILES\ORCAD\LAYOUT_PLUS\library\PCON100T.llb
Sun Jun 03 14:48:32 Loaded file C:\PROGRAM FILES\ORCAD\LAYOUT_PLUS\library\PCON156T.llb
Sun Jun 03 14:48:32 Loaded file C:\PROGRAM FILES\ORCAD\LAYOUT_PLUS\library\PGA.llb
Sun Jun 03 14:48:33 Loaded file C:\PROGRAM FILES\ORCAD\LAYOUT_PLUS\library\PLCC.llb
Sun Jun 03 14:48:33 Loaded file C:\PROGRAM FILES\ORCAD\LAYOUT_PLUS\library\QUAD.llb
Sun Jun 03 14:48:34 Loaded file C:\PROGRAM FILES\ORCAD\LAYOUT_PLUS\library\QUADB.llb
Sun Jun 03 14:48:34 Loaded file C:\PROGRAM FILES\ORCAD\LAYOUT_PLUS\library\RELAY.llb
Sun Jun 03 14:48:34 Loaded file C:\PROGRAM FILES\ORCAD\LAYOUT_PLUS\library\RF.llb
Sun Jun 03 14:48:34 Loaded file C:\PROGRAM FILES\ORCAD\LAYOUT_PLUS\library\SBUS.llb
Sun Jun 03 14:48:34 Loaded file C:\PROGRAM FILES\ORCAD\LAYOUT_PLUS\library\SIMM050F.llb
Sun Jun 03 14:48:34 Loaded file C:\PROGRAM FILES\ORCAD\LAYOUT_PLUS\library\SIMM050T.llb
Sun Jun 03 14:48:34 Loaded file C:\PROGRAM FILES\ORCAD\LAYOUT_PLUS\library\SIMM100F.llb
Sun Jun 03 14:48:34 Loaded file C:\PROGRAM FILES\ORCAD\LAYOUT_PLUS\library\SIMM100T.llb
Sun Jun 03 14:48:34 Loaded file C:\PROGRAM FILES\ORCAD\LAYOUT_PLUS\library\SIP.llb
Sun Jun 03 14:48:35 Loaded file C:\PROGRAM FILES\ORCAD\LAYOUT_PLUS\library\SM.llb
Sun Jun 03 14:48:35 Loaded file C:\PROGRAM FILES\ORCAD\LAYOUT_PLUS\library\SOG.llb
Sun Jun 03 14:48:35 Loaded file C:\PROGRAM FILES\ORCAD\LAYOUT_PLUS\library\SOJ.llb
Sun Jun 03 14:48:35 Loaded file C:\PROGRAM FILES\ORCAD\LAYOUT_PLUS\library\STIFF.llb
Sun Jun 03 14:48:36 Loaded file C:\PROGRAM FILES\ORCAD\LAYOUT_PLUS\library\TELE.llb
Sun Jun 03 14:48:36 Loaded file C:\PROGRAM FILES\ORCAD\LAYOUT_PLUS\library\TM_AXIAL.llb
Sun Jun 03 14:48:36 Loaded file C:\PROGRAM FILES\ORCAD\LAYOUT_PLUS\library\TM_CAP_P.llb
Sun Jun 03 14:48:36 Loaded file C:\PROGRAM FILES\ORCAD\LAYOUT_PLUS\library\TM_CYLND.llb
Sun Jun 03 14:48:36 Loaded file C:\PROGRAM FILES\ORCAD\LAYOUT_PLUS\library\TM_DIODE.llb
Sun Jun 03 14:48:36 Loaded file C:\PROGRAM FILES\ORCAD\LAYOUT_PLUS\library\TM_DISC.llb
Sun Jun 03 14:48:37 Loaded file C:\PROGRAM FILES\ORCAD\LAYOUT_PLUS\library\TM_RAD.llb
Sun Jun 03 14:48:37 Loaded file C:\PROGRAM FILES\ORCAD\LAYOUT_PLUS\library\TO.llb
Sun Jun 03 14:48:37 Loaded file C:\PROGRAM FILES\ORCAD\LAYOUT_PLUS\library\TRAINING.LLB
Sun Jun 03 14:48:37 Loaded file C:\PROGRAM FILES\ORCAD\LAYOUT_PLUS\library\VRES.llb
Sun Jun 03 14:48:38 Loaded file C:\PROGRAM FILES\ORCAD\LAYOUT_PLUS\library\WCON100T.llb
Sun Jun 03 14:48:38 Loaded file C:\PROGRAM FILES\ORCAD\LAYOUT_PLUS\library\XT.llb
Sun Jun 03 14:48:38 Loaded file C:\PROGRAM FILES\ORCAD\LAYOUT_PLUS\library\ZIGZAG.llb
Sun Jun 03 14:48:38 Loaded file C:\MEUS DOCUMENTOS\PROJETOS\TEMPLATE\BLIBIOTECA LAYOUT.LLB
Sun Jun 03 14:48:39 Loaded file C:\MEUS DOCUMENTOS\PROJETOS\TEMPLATE\BLIBIOTECA LAYOUT.LLB
Sun Jun 03 14:48:42 Loaded file C:\MEUS DOCUMENTOS\PROJETOS\TEMPLATE\BLIBIOTECA LAYOUT.LLB
Sun Jun 03 14:48:44 Loaded file C:\MEUS DOCUMENTOS\PROJETOS\TEMPLATE\BLIBIOTECA LAYOUT.LLB
Sun Jun 03 14:48:49 Loaded file C:\MEUS DOCUMENTOS\PROJETOS\REGULADOR D FONTE\REGULADOR.MAX
Sun Jun 03 14:48:49 Saved as file C:\MEUS DOCUMENTOS\PROJETOS\REGULADOR D FONTE\REGULADOR.MAX
Sun Jun 03 14:48:50 Loaded file C:\MEUS DOCUMENTOS\PROJETOS\REGULADOR D FONTE\REGULADOR.MAX
Sun Jun 03 17:17:38 Saved as file C:\MEUS DOCUMENTOS\PROJETOS\REGULADOR D FONTE\REGULADOR.MAX
Sun Jun 03 17:17:38 Saved as file BACKUP1.MAX
Sun Jun 03 17:17:38 Saved as file C:\MEUS DOCUMENTOS\PROJETOS\REGULADOR D FONTE\REGULADOR.MAX
Sun Jun 03 17:17:39 UserDiv from Layout.INI for AutoECO: 60
Sun Jun 03 17:17:40 Loaded file C:\MEUS DOCUMENTOS\PROJETOS\REGULADOR D FONTE\REGULADOR.MAX
Sun Jun 03 17:17:41 Loaded file C:\MEUS DOCUMENTOS\PROJETOS\TEMPLATE\BLIBIOTECA LAYOUT.LLB
Sun Jun 03 17:17:42 Loaded file C:\PROGRAM FILES\ORCAD\LAYOUT_PLUS\library\BCON100T.llb
Sun Jun 03 17:17:42 Loaded file C:\PROGRAM FILES\ORCAD\LAYOUT_PLUS\library\BCON156T.llb
Sun Jun 03 17:17:43 Loaded file C:\PROGRAM FILES\ORCAD\LAYOUT_PLUS\library\BGA.llb
Sun Jun 03 17:17:44 Loaded file C:\PROGRAM FILES\ORCAD\LAYOUT_PLUS\library\CLCC.llb
Sun Jun 03 17:17:44 Loaded file C:\PROGRAM FILES\ORCAD\LAYOUT_PLUS\library\DCON050T.llb
Sun Jun 03 17:17:44 Loaded file C:\PROGRAM FILES\ORCAD\LAYOUT_PLUS\library\DCON085T.llb
Sun Jun 03 17:17:44 Loaded file C:\PROGRAM FILES\ORCAD\LAYOUT_PLUS\library\DIMM050F.llb
Sun Jun 03 17:17:44 Loaded file C:\PROGRAM FILES\ORCAD\LAYOUT_PLUS\library\DIMM050T.llb
Sun Jun 03 17:17:45 Loaded file C:\PROGRAM FILES\ORCAD\LAYOUT_PLUS\library\DIN.llb
Sun Jun 03 17:17:45 Loaded file C:\PROGRAM FILES\ORCAD\LAYOUT_PLUS\library\DIP100B.llb
Sun Jun 03 17:17:45 Loaded file C:\PROGRAM FILES\ORCAD\LAYOUT_PLUS\library\DIP100T.llb
Sun Jun 03 17:17:45 Loaded file C:\PROGRAM FILES\ORCAD\LAYOUT_PLUS\library\DSUBT.llb
Sun Jun 03 17:17:45 Loaded file C:\PROGRAM FILES\ORCAD\LAYOUT_PLUS\library\DSUBT_HD.LLB
Sun Jun 03 17:17:45 Loaded file C:\PROGRAM FILES\ORCAD\LAYOUT_PLUS\library\ECON100T.llb
Sun Jun 03 17:17:46 Loaded file C:\PROGRAM FILES\ORCAD\LAYOUT_PLUS\library\FBUS.llb
Sun Jun 03 17:17:46 Loaded file C:\PROGRAM FILES\ORCAD\LAYOUT_PLUS\library\ISA.llb
Sun Jun 03 17:17:46 Loaded file C:\PROGRAM FILES\ORCAD\LAYOUT_PLUS\library\JUMPER.LLB
Sun Jun 03 17:17:46 Loaded file C:\PROGRAM FILES\ORCAD\LAYOUT_PLUS\library\LAYOUT.llb
Sun Jun 03 17:17:46 Loaded file C:\PROGRAM FILES\ORCAD\LAYOUT_PLUS\library\LCON100T.llb
Sun Jun 03 17:17:46 Loaded file C:\PROGRAM FILES\ORCAD\LAYOUT_PLUS\library\PC104.llb
Sun Jun 03 17:17:46 Loaded file C:\PROGRAM FILES\ORCAD\LAYOUT_PLUS\library\PCI.llb
Sun Jun 03 17:17:46 Loaded file C:\PROGRAM FILES\ORCAD\LAYOUT_PLUS\library\PCON100T.llb
Sun Jun 03 17:17:46 Loaded file C:\PROGRAM FILES\ORCAD\LAYOUT_PLUS\library\PCON156T.llb
Sun Jun 03 17:17:47 Loaded file C:\PROGRAM FILES\ORCAD\LAYOUT_PLUS\library\PGA.llb
Sun Jun 03 17:17:47 Loaded file C:\PROGRAM FILES\ORCAD\LAYOUT_PLUS\library\PLCC.llb
Sun Jun 03 17:17:48 Loaded file C:\PROGRAM FILES\ORCAD\LAYOUT_PLUS\library\QUAD.llb
Sun Jun 03 17:17:48 Loaded file C:\PROGRAM FILES\ORCAD\LAYOUT_PLUS\library\QUADB.llb
Sun Jun 03 17:17:49 Loaded file C:\PROGRAM FILES\ORCAD\LAYOUT_PLUS\library\RELAY.llb
Sun Jun 03 17:17:49 Loaded file C:\PROGRAM FILES\ORCAD\LAYOUT_PLUS\library\RF.llb
Sun Jun 03 17:17:49 Loaded file C:\PROGRAM FILES\ORCAD\LAYOUT_PLUS\library\SBUS.llb
Sun Jun 03 17:17:49 Loaded file C:\PROGRAM FILES\ORCAD\LAYOUT_PLUS\library\SIMM050F.llb
Sun Jun 03 17:17:49 Loaded file C:\PROGRAM FILES\ORCAD\LAYOUT_PLUS\library\SIMM050T.llb
Sun Jun 03 17:17:49 Loaded file C:\PROGRAM FILES\ORCAD\LAYOUT_PLUS\library\SIMM100F.llb
Sun Jun 03 17:17:49 Loaded file C:\PROGRAM FILES\ORCAD\LAYOUT_PLUS\library\SIMM100T.llb
Sun Jun 03 17:17:50 Loaded file C:\PROGRAM FILES\ORCAD\LAYOUT_PLUS\library\SIP.llb
Sun Jun 03 17:17:50 Loaded file C:\PROGRAM FILES\ORCAD\LAYOUT_PLUS\library\SM.llb
Sun Jun 03 17:17:50 Loaded file C:\PROGRAM FILES\ORCAD\LAYOUT_PLUS\library\SOG.llb
Sun Jun 03 17:17:50 Loaded file C:\PROGRAM FILES\ORCAD\LAYOUT_PLUS\library\SOJ.llb
Sun Jun 03 17:17:51 Loaded file C:\PROGRAM FILES\ORCAD\LAYOUT_PLUS\library\STIFF.llb
Sun Jun 03 17:17:51 Loaded file C:\PROGRAM FILES\ORCAD\LAYOUT_PLUS\library\TELE.llb
Sun Jun 03 17:17:51 Loaded file C:\PROGRAM FILES\ORCAD\LAYOUT_PLUS\library\TM_AXIAL.llb
Sun Jun 03 17:17:51 Loaded file C:\PROGRAM FILES\ORCAD\LAYOUT_PLUS\library\TM_CAP_P.llb
Sun Jun 03 17:17:51 Loaded file C:\PROGRAM FILES\ORCAD\LAYOUT_PLUS\library\TM_CYLND.llb
Sun Jun 03 17:17:52 Loaded file C:\PROGRAM FILES\ORCAD\LAYOUT_PLUS\library\TM_DIODE.llb
Sun Jun 03 17:17:52 Loaded file C:\PROGRAM FILES\ORCAD\LAYOUT_PLUS\library\TM_DISC.llb
Sun Jun 03 17:17:52 Loaded file C:\PROGRAM FILES\ORCAD\LAYOUT_PLUS\library\TM_RAD.llb
Sun Jun 03 17:17:52 Loaded file C:\PROGRAM FILES\ORCAD\LAYOUT_PLUS\library\TO.llb
Sun Jun 03 17:17:53 Loaded file C:\PROGRAM FILES\ORCAD\LAYOUT_PLUS\library\TRAINING.LLB
Sun Jun 03 17:17:53 Loaded file C:\PROGRAM FILES\ORCAD\LAYOUT_PLUS\library\VRES.llb
Sun Jun 03 17:17:53 Loaded file C:\PROGRAM FILES\ORCAD\LAYOUT_PLUS\library\WCON100T.llb
Sun Jun 03 17:17:53 Loaded file C:\PROGRAM FILES\ORCAD\LAYOUT_PLUS\library\XT.llb
Sun Jun 03 17:17:53 Loaded file C:\PROGRAM FILES\ORCAD\LAYOUT_PLUS\library\ZIGZAG.llb
Sun Jun 03 17:17:54 Loaded file C:\MEUS DOCUMENTOS\PROJETOS\TEMPLATE\BLIBIOTECA LAYOUT.LLB
Sun Jun 03 17:17:54 Loaded file C:\MEUS DOCUMENTOS\PROJETOS\TEMPLATE\BLIBIOTECA LAYOUT.LLB
Sun Jun 03 17:18:03 Loaded file C:\PROGRAM FILES\ORCAD\LAYOUT_PLUS\data\template.imp
Sun Jun 03 17:18:03 Loaded file C:\PROGRAM FILES\ORCAD\LAYOUT_PLUS\data\template.imp
Sun Jun 03 17:18:08 Loaded file C:\MEUS DOCUMENTOS\PROJETOS\TEMPLATE\BLIBIOTECA LAYOUT.LLB
Sun Jun 03 17:18:15 Loaded file C:\MEUS DOCUMENTOS\PROJETOS\TEMPLATE\BLIBIOTECA LAYOUT.LLB
Sun Jun 03 17:18:17 Loaded file C:\MEUS DOCUMENTOS\PROJETOS\TEMPLATE\BLIBIOTECA LAYOUT.LLB
Sun Jun 03 17:18:26 Loaded file C:\MEUS DOCUMENTOS\PROJETOS\REGULADOR D FONTE\REGULADOR.MAX
Sun Jun 03 17:18:26 Saved as file C:\MEUS DOCUMENTOS\PROJETOS\REGULADOR D FONTE\REGULADOR.MAX
Sun Jun 03 17:18:26 Loaded file C:\MEUS DOCUMENTOS\PROJETOS\REGULADOR D FONTE\REGULADOR.MAX
Sun Jun 03 17:19:11 Saved as file C:\MEUS DOCUMENTOS\PROJETOS\REGULADOR D FONTE\REGULADOR.MAX
Sun Jun 03 17:19:11 Saved as file BACKUP1.MAX
Sun Jun 03 17:19:11 Saved as file C:\MEUS DOCUMENTOS\PROJETOS\REGULADOR D FONTE\REGULADOR.MAX
Sun Jun 03 17:19:12 UserDiv from Layout.INI for AutoECO: 60
Sun Jun 03 17:19:12 Loaded file C:\MEUS DOCUMENTOS\PROJETOS\REGULADOR D FONTE\REGULADOR.MAX
Sun Jun 03 17:19:13 Loaded file C:\MEUS DOCUMENTOS\PROJETOS\TEMPLATE\BLIBIOTECA LAYOUT.LLB
Sun Jun 03 17:19:13 Loaded file C:\PROGRAM FILES\ORCAD\LAYOUT_PLUS\library\BCON100T.llb
Sun Jun 03 17:19:13 Loaded file C:\PROGRAM FILES\ORCAD\LAYOUT_PLUS\library\BCON156T.llb
Sun Jun 03 17:19:14 Loaded file C:\PROGRAM FILES\ORCAD\LAYOUT_PLUS\library\BGA.llb
Sun Jun 03 17:19:14 Loaded file C:\PROGRAM FILES\ORCAD\LAYOUT_PLUS\library\CLCC.llb
Sun Jun 03 17:19:14 Loaded file C:\PROGRAM FILES\ORCAD\LAYOUT_PLUS\library\DCON050T.llb
Sun Jun 03 17:19:15 Loaded file C:\PROGRAM FILES\ORCAD\LAYOUT_PLUS\library\DCON085T.llb
Sun Jun 03 17:19:15 Loaded file C:\PROGRAM FILES\ORCAD\LAYOUT_PLUS\library\DIMM050F.llb
Sun Jun 03 17:19:15 Loaded file C:\PROGRAM FILES\ORCAD\LAYOUT_PLUS\library\DIMM050T.llb
Sun Jun 03 17:19:15 Loaded file C:\PROGRAM FILES\ORCAD\LAYOUT_PLUS\library\DIN.llb
Sun Jun 03 17:19:15 Loaded file C:\PROGRAM FILES\ORCAD\LAYOUT_PLUS\library\DIP100B.llb
Sun Jun 03 17:19:15 Loaded file C:\PROGRAM FILES\ORCAD\LAYOUT_PLUS\library\DIP100T.llb
Sun Jun 03 17:19:15 Loaded file C:\PROGRAM FILES\ORCAD\LAYOUT_PLUS\library\DSUBT.llb
Sun Jun 03 17:19:15 Loaded file C:\PROGRAM FILES\ORCAD\LAYOUT_PLUS\library\DSUBT_HD.LLB
Sun Jun 03 17:19:15 Loaded file C:\PROGRAM FILES\ORCAD\LAYOUT_PLUS\library\ECON100T.llb
Sun Jun 03 17:19:16 Loaded file C:\PROGRAM FILES\ORCAD\LAYOUT_PLUS\library\FBUS.llb
Sun Jun 03 17:19:16 Loaded file C:\PROGRAM FILES\ORCAD\LAYOUT_PLUS\library\ISA.llb
Sun Jun 03 17:19:16 Loaded file C:\PROGRAM FILES\ORCAD\LAYOUT_PLUS\library\JUMPER.LLB
Sun Jun 03 17:19:16 Loaded file C:\PROGRAM FILES\ORCAD\LAYOUT_PLUS\library\LAYOUT.llb
Sun Jun 03 17:19:16 Loaded file C:\PROGRAM FILES\ORCAD\LAYOUT_PLUS\library\LCON100T.llb
Sun Jun 03 17:19:16 Loaded file C:\PROGRAM FILES\ORCAD\LAYOUT_PLUS\library\PC104.llb
Sun Jun 03 17:19:16 Loaded file C:\PROGRAM FILES\ORCAD\LAYOUT_PLUS\library\PCI.llb
Sun Jun 03 17:19:16 Loaded file C:\PROGRAM FILES\ORCAD\LAYOUT_PLUS\library\PCON100T.llb
Sun Jun 03 17:19:16 Loaded file C:\PROGRAM FILES\ORCAD\LAYOUT_PLUS\library\PCON156T.llb
Sun Jun 03 17:19:17 Loaded file C:\PROGRAM FILES\ORCAD\LAYOUT_PLUS\library\PGA.llb
Sun Jun 03 17:19:17 Loaded file C:\PROGRAM FILES\ORCAD\LAYOUT_PLUS\library\PLCC.llb
Sun Jun 03 17:19:18 Loaded file C:\PROGRAM FILES\ORCAD\LAYOUT_PLUS\library\QUAD.llb
Sun Jun 03 17:19:18 Loaded file C:\PROGRAM FILES\ORCAD\LAYOUT_PLUS\library\QUADB.llb
Sun Jun 03 17:19:18 Loaded file C:\PROGRAM FILES\ORCAD\LAYOUT_PLUS\library\RELAY.llb
Sun Jun 03 17:19:18 Loaded file C:\PROGRAM FILES\ORCAD\LAYOUT_PLUS\library\RF.llb
Sun Jun 03 17:19:18 Loaded file C:\PROGRAM FILES\ORCAD\LAYOUT_PLUS\library\SBUS.llb
Sun Jun 03 17:19:18 Loaded file C:\PROGRAM FILES\ORCAD\LAYOUT_PLUS\library\SIMM050F.llb
Sun Jun 03 17:19:19 Loaded file C:\PROGRAM FILES\ORCAD\LAYOUT_PLUS\library\SIMM050T.llb
Sun Jun 03 17:19:19 Loaded file C:\PROGRAM FILES\ORCAD\LAYOUT_PLUS\library\SIMM100F.llb
Sun Jun 03 17:19:19 Loaded file C:\PROGRAM FILES\ORCAD\LAYOUT_PLUS\library\SIMM100T.llb
Sun Jun 03 17:19:19 Loaded file C:\PROGRAM FILES\ORCAD\LAYOUT_PLUS\library\SIP.llb
Sun Jun 03 17:19:19 Loaded file C:\PROGRAM FILES\ORCAD\LAYOUT_PLUS\library\SM.llb
Sun Jun 03 17:19:19 Loaded file C:\PROGRAM FILES\ORCAD\LAYOUT_PLUS\library\SOG.llb
Sun Jun 03 17:19:20 Loaded file C:\PROGRAM FILES\ORCAD\LAYOUT_PLUS\library\SOJ.llb
Sun Jun 03 17:19:20 Loaded file C:\PROGRAM FILES\ORCAD\LAYOUT_PLUS\library\STIFF.llb
Sun Jun 03 17:19:20 Loaded file C:\PROGRAM FILES\ORCAD\LAYOUT_PLUS\library\TELE.llb
Sun Jun 03 17:19:20 Loaded file C:\PROGRAM FILES\ORCAD\LAYOUT_PLUS\library\TM_AXIAL.llb
Sun Jun 03 17:19:20 Loaded file C:\PROGRAM FILES\ORCAD\LAYOUT_PLUS\library\TM_CAP_P.llb
Sun Jun 03 17:19:20 Loaded file C:\PROGRAM FILES\ORCAD\LAYOUT_PLUS\library\TM_CYLND.llb
Sun Jun 03 17:19:20 Loaded file C:\PROGRAM FILES\ORCAD\LAYOUT_PLUS\library\TM_DIODE.llb
Sun Jun 03 17:19:21 Loaded file C:\PROGRAM FILES\ORCAD\LAYOUT_PLUS\library\TM_DISC.llb
Sun Jun 03 17:19:21 Loaded file C:\PROGRAM FILES\ORCAD\LAYOUT_PLUS\library\TM_RAD.llb
Sun Jun 03 17:19:21 Loaded file C:\PROGRAM FILES\ORCAD\LAYOUT_PLUS\library\TO.llb
Sun Jun 03 17:19:21 Loaded file C:\PROGRAM FILES\ORCAD\LAYOUT_PLUS\library\TRAINING.LLB
Sun Jun 03 17:19:22 Loaded file C:\PROGRAM FILES\ORCAD\LAYOUT_PLUS\library\VRES.llb
Sun Jun 03 17:19:22 Loaded file C:\PROGRAM FILES\ORCAD\LAYOUT_PLUS\library\WCON100T.llb
Sun Jun 03 17:19:22 Loaded file C:\PROGRAM FILES\ORCAD\LAYOUT_PLUS\library\XT.llb
Sun Jun 03 17:19:22 Loaded file C:\PROGRAM FILES\ORCAD\LAYOUT_PLUS\library\ZIGZAG.llb
Sun Jun 03 17:19:22 Loaded file C:\MEUS DOCUMENTOS\PROJETOS\TEMPLATE\BLIBIOTECA LAYOUT.LLB
Sun Jun 03 17:19:23 Loaded file C:\MEUS DOCUMENTOS\PROJETOS\TEMPLATE\BLIBIOTECA LAYOUT.LLB
Sun Jun 03 17:19:27 Loaded file C:\MEUS DOCUMENTOS\PROJETOS\TEMPLATE\BLIBIOTECA LAYOUT.LLB
Sun Jun 03 17:19:30 Loaded file C:\MEUS DOCUMENTOS\PROJETOS\TEMPLATE\BLIBIOTECA LAYOUT.LLB
Sun Jun 03 17:19:36 Loaded file C:\MEUS DOCUMENTOS\PROJETOS\REGULADOR D FONTE\REGULADOR.MAX
Sun Jun 03 17:19:36 Saved as file C:\MEUS DOCUMENTOS\PROJETOS\REGULADOR D FONTE\REGULADOR.MAX
Sun Jun 03 17:19:37 Loaded file C:\MEUS DOCUMENTOS\PROJETOS\REGULADOR D FONTE\REGULADOR.MAX
Sun Jun 03 17:21:53 Saved as file C:\MEUS DOCUMENTOS\PROJETOS\REGULADOR D FONTE\REGULADOR.MAX
Sun Jun 03 17:21:53 Saved as file BACKUP1.MAX
Sun Jun 03 17:21:53 Saved as file C:\MEUS DOCUMENTOS\PROJETOS\REGULADOR D FONTE\REGULADOR.MAX
Sun Jun 03 17:21:55 UserDiv from Layout.INI for AutoECO: 60
Sun Jun 03 17:21:55 Loaded file C:\MEUS DOCUMENTOS\PROJETOS\REGULADOR D FONTE\REGULADOR.MAX
Sun Jun 03 17:21:57 Loaded file C:\MEUS DOCUMENTOS\PROJETOS\TEMPLATE\BLIBIOTECA LAYOUT.LLB
Sun Jun 03 17:21:57 Loaded file C:\PROGRAM FILES\ORCAD\LAYOUT_PLUS\library\BCON100T.llb
Sun Jun 03 17:21:57 Loaded file C:\PROGRAM FILES\ORCAD\LAYOUT_PLUS\library\BCON156T.llb
Sun Jun 03 17:21:59 Loaded file C:\PROGRAM FILES\ORCAD\LAYOUT_PLUS\library\BGA.llb
Sun Jun 03 17:21:59 Loaded file C:\PROGRAM FILES\ORCAD\LAYOUT_PLUS\library\CLCC.llb
Sun Jun 03 17:21:59 Loaded file C:\PROGRAM FILES\ORCAD\LAYOUT_PLUS\library\DCON050T.llb
Sun Jun 03 17:22:00 Loaded file C:\PROGRAM FILES\ORCAD\LAYOUT_PLUS\library\DCON085T.llb
Sun Jun 03 17:22:00 Loaded file C:\PROGRAM FILES\ORCAD\LAYOUT_PLUS\library\DIMM050F.llb
Sun Jun 03 17:22:00 Loaded file C:\PROGRAM FILES\ORCAD\LAYOUT_PLUS\library\DIMM050T.llb
Sun Jun 03 17:22:00 Loaded file C:\PROGRAM FILES\ORCAD\LAYOUT_PLUS\library\DIN.llb
Sun Jun 03 17:22:00 Loaded file C:\PROGRAM FILES\ORCAD\LAYOUT_PLUS\library\DIP100B.llb
Sun Jun 03 17:22:01 Loaded file C:\PROGRAM FILES\ORCAD\LAYOUT_PLUS\library\DIP100T.llb
Sun Jun 03 17:22:01 Loaded file C:\PROGRAM FILES\ORCAD\LAYOUT_PLUS\library\DSUBT.llb
Sun Jun 03 17:22:01 Loaded file C:\PROGRAM FILES\ORCAD\LAYOUT_PLUS\library\DSUBT_HD.LLB
Sun Jun 03 17:22:01 Loaded file C:\PROGRAM FILES\ORCAD\LAYOUT_PLUS\library\ECON100T.llb
Sun Jun 03 17:22:01 Loaded file C:\PROGRAM FILES\ORCAD\LAYOUT_PLUS\library\FBUS.llb
Sun Jun 03 17:22:01 Loaded file C:\PROGRAM FILES\ORCAD\LAYOUT_PLUS\library\ISA.llb
Sun Jun 03 17:22:01 Loaded file C:\PROGRAM FILES\ORCAD\LAYOUT_PLUS\library\JUMPER.LLB
Sun Jun 03 17:22:01 Loaded file C:\PROGRAM FILES\ORCAD\LAYOUT_PLUS\library\LAYOUT.llb
Sun Jun 03 17:22:02 Loaded file C:\PROGRAM FILES\ORCAD\LAYOUT_PLUS\library\LCON100T.llb
Sun Jun 03 17:22:02 Loaded file C:\PROGRAM FILES\ORCAD\LAYOUT_PLUS\library\PC104.llb
Sun Jun 03 17:22:02 Loaded file C:\PROGRAM FILES\ORCAD\LAYOUT_PLUS\library\PCI.llb
Sun Jun 03 17:22:02 Loaded file C:\PROGRAM FILES\ORCAD\LAYOUT_PLUS\library\PCON100T.llb
Sun Jun 03 17:22:02 Loaded file C:\PROGRAM FILES\ORCAD\LAYOUT_PLUS\library\PCON156T.llb
Sun Jun 03 17:22:03 Loaded file C:\PROGRAM FILES\ORCAD\LAYOUT_PLUS\library\PGA.llb
Sun Jun 03 17:22:03 Loaded file C:\PROGRAM FILES\ORCAD\LAYOUT_PLUS\library\PLCC.llb
Sun Jun 03 17:22:04 Loaded file C:\PROGRAM FILES\ORCAD\LAYOUT_PLUS\library\QUAD.llb
Sun Jun 03 17:22:04 Loaded file C:\PROGRAM FILES\ORCAD\LAYOUT_PLUS\library\QUADB.llb
Sun Jun 03 17:22:04 Loaded file C:\PROGRAM FILES\ORCAD\LAYOUT_PLUS\library\RELAY.llb
Sun Jun 03 17:22:05 Loaded file C:\PROGRAM FILES\ORCAD\LAYOUT_PLUS\library\RF.llb
Sun Jun 03 17:22:05 Loaded file C:\PROGRAM FILES\ORCAD\LAYOUT_PLUS\library\SBUS.llb
Sun Jun 03 17:22:05 Loaded file C:\PROGRAM FILES\ORCAD\LAYOUT_PLUS\library\SIMM050F.llb
Sun Jun 03 17:22:05 Loaded file C:\PROGRAM FILES\ORCAD\LAYOUT_PLUS\library\SIMM050T.llb
Sun Jun 03 17:22:05 Loaded file C:\PROGRAM FILES\ORCAD\LAYOUT_PLUS\library\SIMM100F.llb
Sun Jun 03 17:22:05 Loaded file C:\PROGRAM FILES\ORCAD\LAYOUT_PLUS\library\SIMM100T.llb
Sun Jun 03 17:22:05 Loaded file C:\PROGRAM FILES\ORCAD\LAYOUT_PLUS\library\SIP.llb
Sun Jun 03 17:22:06 Loaded file C:\PROGRAM FILES\ORCAD\LAYOUT_PLUS\library\SM.llb
Sun Jun 03 17:22:06 Loaded file C:\PROGRAM FILES\ORCAD\LAYOUT_PLUS\library\SOG.llb
Sun Jun 03 17:22:06 Loaded file C:\PROGRAM FILES\ORCAD\LAYOUT_PLUS\library\SOJ.llb
Sun Jun 03 17:22:07 Loaded file C:\PROGRAM FILES\ORCAD\LAYOUT_PLUS\library\STIFF.llb
Sun Jun 03 17:22:07 Loaded file C:\PROGRAM FILES\ORCAD\LAYOUT_PLUS\library\TELE.llb
Sun Jun 03 17:22:07 Loaded file C:\PROGRAM FILES\ORCAD\LAYOUT_PLUS\library\TM_AXIAL.llb
Sun Jun 03 17:22:07 Loaded file C:\PROGRAM FILES\ORCAD\LAYOUT_PLUS\library\TM_CAP_P.llb
Sun Jun 03 17:22:07 Loaded file C:\PROGRAM FILES\ORCAD\LAYOUT_PLUS\library\TM_CYLND.llb
Sun Jun 03 17:22:08 Loaded file C:\PROGRAM FILES\ORCAD\LAYOUT_PLUS\library\TM_DIODE.llb
Sun Jun 03 17:22:08 Loaded file C:\PROGRAM FILES\ORCAD\LAYOUT_PLUS\library\TM_DISC.llb
Sun Jun 03 17:22:08 Loaded file C:\PROGRAM FILES\ORCAD\LAYOUT_PLUS\library\TM_RAD.llb
Sun Jun 03 17:22:08 Loaded file C:\PROGRAM FILES\ORCAD\LAYOUT_PLUS\library\TO.llb
Sun Jun 03 17:22:09 Loaded file C:\PROGRAM FILES\ORCAD\LAYOUT_PLUS\library\TRAINING.LLB
Sun Jun 03 17:22:09 Loaded file C:\PROGRAM FILES\ORCAD\LAYOUT_PLUS\library\VRES.llb
Sun Jun 03 17:22:09 Loaded file C:\PROGRAM FILES\ORCAD\LAYOUT_PLUS\library\WCON100T.llb
Sun Jun 03 17:22:09 Loaded file C:\PROGRAM FILES\ORCAD\LAYOUT_PLUS\library\XT.llb
Sun Jun 03 17:22:09 Loaded file C:\PROGRAM FILES\ORCAD\LAYOUT_PLUS\library\ZIGZAG.llb
Sun Jun 03 17:22:11 Loaded file C:\MEUS DOCUMENTOS\PROJETOS\REGULADOR D FONTE\REGULADOR.MAX
Sun Jun 03 17:22:11 Saved as file C:\MEUS DOCUMENTOS\PROJETOS\REGULADOR D FONTE\REGULADOR.MAX
Sun Jun 03 17:22:11 Loaded file C:\MEUS DOCUMENTOS\PROJETOS\REGULADOR D FONTE\REGULADOR.MAX
Sun Jun 03 17:23:49 Saved as file C:\MEUS DOCUMENTOS\PROJETOS\REGULADOR D FONTE\REGULADOR.MAX
Sun Jun 03 17:23:49 Saved as file BACKUP1.MAX
Sun Jun 03 17:23:49 Saved as file C:\MEUS DOCUMENTOS\PROJETOS\REGULADOR D FONTE\REGULADOR.MAX
Sun Jun 03 17:23:50 UserDiv from Layout.INI for AutoECO: 60
Sun Jun 03 17:23:51 Loaded file C:\MEUS DOCUMENTOS\PROJETOS\REGULADOR D FONTE\REGULADOR.MAX
Sun Jun 03 17:23:52 Loaded file C:\MEUS DOCUMENTOS\PROJETOS\TEMPLATE\BLIBIOTECA LAYOUT.LLB
Sun Jun 03 17:23:52 Loaded file C:\PROGRAM FILES\ORCAD\LAYOUT_PLUS\library\BCON100T.llb
Sun Jun 03 17:23:52 Loaded file C:\PROGRAM FILES\ORCAD\LAYOUT_PLUS\library\BCON156T.llb
Sun Jun 03 17:23:54 Loaded file C:\PROGRAM FILES\ORCAD\LAYOUT_PLUS\library\BGA.llb
Sun Jun 03 17:23:54 Loaded file C:\PROGRAM FILES\ORCAD\LAYOUT_PLUS\library\CLCC.llb
Sun Jun 03 17:23:54 Loaded file C:\PROGRAM FILES\ORCAD\LAYOUT_PLUS\library\DCON050T.llb
Sun Jun 03 17:23:54 Loaded file C:\PROGRAM FILES\ORCAD\LAYOUT_PLUS\library\DCON085T.llb
Sun Jun 03 17:23:55 Loaded file C:\PROGRAM FILES\ORCAD\LAYOUT_PLUS\library\DIMM050F.llb
Sun Jun 03 17:23:55 Loaded file C:\PROGRAM FILES\ORCAD\LAYOUT_PLUS\library\DIMM050T.llb
Sun Jun 03 17:23:55 Loaded file C:\PROGRAM FILES\ORCAD\LAYOUT_PLUS\library\DIN.llb
Sun Jun 03 17:23:55 Loaded file C:\PROGRAM FILES\ORCAD\LAYOUT_PLUS\library\DIP100B.llb
Sun Jun 03 17:23:55 Loaded file C:\PROGRAM FILES\ORCAD\LAYOUT_PLUS\library\DIP100T.llb
Sun Jun 03 17:23:55 Loaded file C:\PROGRAM FILES\ORCAD\LAYOUT_PLUS\library\DSUBT.llb
Sun Jun 03 17:23:55 Loaded file C:\PROGRAM FILES\ORCAD\LAYOUT_PLUS\library\DSUBT_HD.LLB
Sun Jun 03 17:23:56 Loaded file C:\PROGRAM FILES\ORCAD\LAYOUT_PLUS\library\ECON100T.llb
Sun Jun 03 17:23:56 Loaded file C:\PROGRAM FILES\ORCAD\LAYOUT_PLUS\library\FBUS.llb
Sun Jun 03 17:23:56 Loaded file C:\PROGRAM FILES\ORCAD\LAYOUT_PLUS\library\ISA.llb
Sun Jun 03 17:23:56 Loaded file C:\PROGRAM FILES\ORCAD\LAYOUT_PLUS\library\JUMPER.LLB
Sun Jun 03 17:23:56 Loaded file C:\PROGRAM FILES\ORCAD\LAYOUT_PLUS\library\LAYOUT.llb
Sun Jun 03 17:23:56 Loaded file C:\PROGRAM FILES\ORCAD\LAYOUT_PLUS\library\LCON100T.llb
Sun Jun 03 17:23:56 Loaded file C:\PROGRAM FILES\ORCAD\LAYOUT_PLUS\library\PC104.llb
Sun Jun 03 17:23:56 Loaded file C:\PROGRAM FILES\ORCAD\LAYOUT_PLUS\library\PCI.llb
Sun Jun 03 17:23:57 Loaded file C:\PROGRAM FILES\ORCAD\LAYOUT_PLUS\library\PCON100T.llb
Sun Jun 03 17:23:57 Loaded file C:\PROGRAM FILES\ORCAD\LAYOUT_PLUS\library\PCON156T.llb
Sun Jun 03 17:23:57 Loaded file C:\PROGRAM FILES\ORCAD\LAYOUT_PLUS\library\PGA.llb
Sun Jun 03 17:23:58 Loaded file C:\PROGRAM FILES\ORCAD\LAYOUT_PLUS\library\PLCC.llb
Sun Jun 03 17:23:58 Loaded file C:\PROGRAM FILES\ORCAD\LAYOUT_PLUS\library\QUAD.llb
Sun Jun 03 17:23:59 Loaded file C:\PROGRAM FILES\ORCAD\LAYOUT_PLUS\library\QUADB.llb
Sun Jun 03 17:23:59 Loaded file C:\PROGRAM FILES\ORCAD\LAYOUT_PLUS\library\RELAY.llb
Sun Jun 03 17:23:59 Loaded file C:\PROGRAM FILES\ORCAD\LAYOUT_PLUS\library\RF.llb
Sun Jun 03 17:23:59 Loaded file C:\PROGRAM FILES\ORCAD\LAYOUT_PLUS\library\SBUS.llb
Sun Jun 03 17:23:59 Loaded file C:\PROGRAM FILES\ORCAD\LAYOUT_PLUS\library\SIMM050F.llb
Sun Jun 03 17:24:00 Loaded file C:\PROGRAM FILES\ORCAD\LAYOUT_PLUS\library\SIMM050T.llb
Sun Jun 03 17:24:00 Loaded file C:\PROGRAM FILES\ORCAD\LAYOUT_PLUS\library\SIMM100F.llb
Sun Jun 03 17:24:00 Loaded file C:\PROGRAM FILES\ORCAD\LAYOUT_PLUS\library\SIMM100T.llb
Sun Jun 03 17:24:00 Loaded file C:\PROGRAM FILES\ORCAD\LAYOUT_PLUS\library\SIP.llb
Sun Jun 03 17:24:00 Loaded file C:\PROGRAM FILES\ORCAD\LAYOUT_PLUS\library\SM.llb
Sun Jun 03 17:24:01 Loaded file C:\PROGRAM FILES\ORCAD\LAYOUT_PLUS\library\SOG.llb
Sun Jun 03 17:24:01 Loaded file C:\PROGRAM FILES\ORCAD\LAYOUT_PLUS\library\SOJ.llb
Sun Jun 03 17:24:01 Loaded file C:\PROGRAM FILES\ORCAD\LAYOUT_PLUS\library\STIFF.llb
Sun Jun 03 17:24:01 Loaded file C:\PROGRAM FILES\ORCAD\LAYOUT_PLUS\library\TELE.llb
Sun Jun 03 17:24:02 Loaded file C:\PROGRAM FILES\ORCAD\LAYOUT_PLUS\library\TM_AXIAL.llb
Sun Jun 03 17:24:02 Loaded file C:\PROGRAM FILES\ORCAD\LAYOUT_PLUS\library\TM_CAP_P.llb
Sun Jun 03 17:24:02 Loaded file C:\PROGRAM FILES\ORCAD\LAYOUT_PLUS\library\TM_CYLND.llb
Sun Jun 03 17:24:02 Loaded file C:\PROGRAM FILES\ORCAD\LAYOUT_PLUS\library\TM_DIODE.llb
Sun Jun 03 17:24:03 Loaded file C:\PROGRAM FILES\ORCAD\LAYOUT_PLUS\library\TM_DISC.llb
Sun Jun 03 17:24:03 Loaded file C:\PROGRAM FILES\ORCAD\LAYOUT_PLUS\library\TM_RAD.llb
Sun Jun 03 17:24:03 Loaded file C:\PROGRAM FILES\ORCAD\LAYOUT_PLUS\library\TO.llb
Sun Jun 03 17:24:03 Loaded file C:\PROGRAM FILES\ORCAD\LAYOUT_PLUS\library\TRAINING.LLB
Sun Jun 03 17:24:04 Loaded file C:\PROGRAM FILES\ORCAD\LAYOUT_PLUS\library\VRES.llb
Sun Jun 03 17:24:04 Loaded file C:\PROGRAM FILES\ORCAD\LAYOUT_PLUS\library\WCON100T.llb
Sun Jun 03 17:24:04 Loaded file C:\PROGRAM FILES\ORCAD\LAYOUT_PLUS\library\XT.llb
Sun Jun 03 17:24:04 Loaded file C:\PROGRAM FILES\ORCAD\LAYOUT_PLUS\library\ZIGZAG.llb
Sun Jun 03 17:24:05 Loaded file C:\MEUS DOCUMENTOS\PROJETOS\TEMPLATE\BLIBIOTECA LAYOUT.LLB
Sun Jun 03 17:24:08 Loaded file C:\PROGRAM FILES\ORCAD\LAYOUT_PLUS\data\template.imp
Sun Jun 03 17:24:08 Loaded file C:\PROGRAM FILES\ORCAD\LAYOUT_PLUS\data\template.imp
Sun Jun 03 17:24:11 Loaded file C:\MEUS DOCUMENTOS\PROJETOS\TEMPLATE\BLIBIOTECA LAYOUT.LLB
Sun Jun 03 17:24:18 Loaded file C:\PROGRAM FILES\ORCAD\LAYOUT_PLUS\data\template.imp
Sun Jun 03 17:24:21 Loaded file C:\MEUS DOCUMENTOS\PROJETOS\TEMPLATE\BLIBIOTECA LAYOUT.LLB
Sun Jun 03 17:24:21 Loaded file C:\MEUS DOCUMENTOS\PROJETOS\TEMPLATE\BLIBIOTECA LAYOUT.LLB
Sun Jun 03 17:24:23 Loaded file C:\PROGRAM FILES\ORCAD\LAYOUT_PLUS\data\template.imp
Sun Jun 03 17:24:24 Loaded file C:\PROGRAM FILES\ORCAD\LAYOUT_PLUS\data\template.imp
Sun Jun 03 17:24:30 Loaded file C:\MEUS DOCUMENTOS\PROJETOS\TEMPLATE\BLIBIOTECA LAYOUT.LLB
Sun Jun 03 17:24:37 Loaded file C:\PROGRAM FILES\ORCAD\LAYOUT_PLUS\data\template.imp
Sun Jun 03 17:24:38 Loaded file C:\MEUS DOCUMENTOS\PROJETOS\TEMPLATE\BLIBIOTECA LAYOUT.LLB
Sun Jun 03 17:24:38 Loaded file C:\MEUS DOCUMENTOS\PROJETOS\TEMPLATE\BLIBIOTECA LAYOUT.LLB
Sun Jun 03 17:24:38 Loaded file C:\MEUS DOCUMENTOS\PROJETOS\TEMPLATE\BLIBIOTECA LAYOUT.LLB
Sun Jun 03 17:24:39 Saved as file C:\MEUS DOCUMENTOS\PROJETOS\REGULADOR D FONTE\REGULADOR.MAX
Sun Jun 03 17:24:39 Loaded file C:\MEUS DOCUMENTOS\PROJETOS\REGULADOR D FONTE\REGULADOR.MAX
Sun Jun 03 17:26:29 Saved as file BACKUP1.MAX
Sun Jun 03 17:26:29 Saved as file C:\MEUS DOCUMENTOS\PROJETOS\REGULADOR D FONTE\BACKUP1.MAX
Sun Jun 03 17:26:29 UserDiv from Layout.INI for AutoECO: 60
Sun Jun 03 17:26:29 Loaded file C:\MEUS DOCUMENTOS\PROJETOS\REGULADOR D FONTE\BACKUP1.MAX
Sun Jun 03 17:26:30 Loaded file C:\MEUS DOCUMENTOS\PROJETOS\TEMPLATE\BLIBIOTECA LAYOUT.LLB
Sun Jun 03 17:26:30 Loaded file C:\PROGRAM FILES\ORCAD\LAYOUT_PLUS\library\BCON100T.llb
Sun Jun 03 17:26:30 Loaded file C:\PROGRAM FILES\ORCAD\LAYOUT_PLUS\library\BCON156T.llb
Sun Jun 03 17:26:31 Loaded file C:\PROGRAM FILES\ORCAD\LAYOUT_PLUS\library\BGA.llb
Sun Jun 03 17:26:31 Loaded file C:\PROGRAM FILES\ORCAD\LAYOUT_PLUS\library\CLCC.llb
Sun Jun 03 17:26:32 Loaded file C:\PROGRAM FILES\ORCAD\LAYOUT_PLUS\library\DCON050T.llb
Sun Jun 03 17:26:32 Loaded file C:\PROGRAM FILES\ORCAD\LAYOUT_PLUS\library\DCON085T.llb
Sun Jun 03 17:26:32 Loaded file C:\PROGRAM FILES\ORCAD\LAYOUT_PLUS\library\DIMM050F.llb
Sun Jun 03 17:26:32 Loaded file C:\PROGRAM FILES\ORCAD\LAYOUT_PLUS\library\DIMM050T.llb
Sun Jun 03 17:26:32 Loaded file C:\PROGRAM FILES\ORCAD\LAYOUT_PLUS\library\DIN.llb
Sun Jun 03 17:26:32 Loaded file C:\PROGRAM FILES\ORCAD\LAYOUT_PLUS\library\DIP100B.llb
Sun Jun 03 17:26:32 Loaded file C:\PROGRAM FILES\ORCAD\LAYOUT_PLUS\library\DIP100T.llb
Sun Jun 03 17:26:32 Loaded file C:\PROGRAM FILES\ORCAD\LAYOUT_PLUS\library\DSUBT.llb
Sun Jun 03 17:26:32 Loaded file C:\PROGRAM FILES\ORCAD\LAYOUT_PLUS\library\DSUBT_HD.LLB
Sun Jun 03 17:26:33 Loaded file C:\PROGRAM FILES\ORCAD\LAYOUT_PLUS\library\ECON100T.llb
Sun Jun 03 17:26:33 Loaded file C:\PROGRAM FILES\ORCAD\LAYOUT_PLUS\library\FBUS.llb
Sun Jun 03 17:26:33 Loaded file C:\PROGRAM FILES\ORCAD\LAYOUT_PLUS\library\ISA.llb
Sun Jun 03 17:26:33 Loaded file C:\PROGRAM FILES\ORCAD\LAYOUT_PLUS\library\JUMPER.LLB
Sun Jun 03 17:26:33 Loaded file C:\PROGRAM FILES\ORCAD\LAYOUT_PLUS\library\LAYOUT.llb
Sun Jun 03 17:26:33 Loaded file C:\PROGRAM FILES\ORCAD\LAYOUT_PLUS\library\LCON100T.llb
Sun Jun 03 17:26:33 Loaded file C:\PROGRAM FILES\ORCAD\LAYOUT_PLUS\library\PC104.llb
Sun Jun 03 17:26:33 Loaded file C:\PROGRAM FILES\ORCAD\LAYOUT_PLUS\library\PCI.llb
Sun Jun 03 17:26:33 Loaded file C:\PROGRAM FILES\ORCAD\LAYOUT_PLUS\library\PCON100T.llb
Sun Jun 03 17:26:34 Loaded file C:\PROGRAM FILES\ORCAD\LAYOUT_PLUS\library\PCON156T.llb
Sun Jun 03 17:26:34 Loaded file C:\PROGRAM FILES\ORCAD\LAYOUT_PLUS\library\PGA.llb
Sun Jun 03 17:26:34 Loaded file C:\PROGRAM FILES\ORCAD\LAYOUT_PLUS\library\PLCC.llb
Sun Jun 03 17:26:35 Loaded file C:\PROGRAM FILES\ORCAD\LAYOUT_PLUS\library\QUAD.llb
Sun Jun 03 17:26:35 Loaded file C:\PROGRAM FILES\ORCAD\LAYOUT_PLUS\library\QUADB.llb
Sun Jun 03 17:26:36 Loaded file C:\PROGRAM FILES\ORCAD\LAYOUT_PLUS\library\RELAY.llb
Sun Jun 03 17:26:36 Loaded file C:\PROGRAM FILES\ORCAD\LAYOUT_PLUS\library\RF.llb
Sun Jun 03 17:26:36 Loaded file C:\PROGRAM FILES\ORCAD\LAYOUT_PLUS\library\SBUS.llb
Sun Jun 03 17:26:36 Loaded file C:\PROGRAM FILES\ORCAD\LAYOUT_PLUS\library\SIMM050F.llb
Sun Jun 03 17:26:36 Loaded file C:\PROGRAM FILES\ORCAD\LAYOUT_PLUS\library\SIMM050T.llb
Sun Jun 03 17:26:36 Loaded file C:\PROGRAM FILES\ORCAD\LAYOUT_PLUS\library\SIMM100F.llb
Sun Jun 03 17:26:36 Loaded file C:\PROGRAM FILES\ORCAD\LAYOUT_PLUS\library\SIMM100T.llb
Sun Jun 03 17:26:36 Loaded file C:\PROGRAM FILES\ORCAD\LAYOUT_PLUS\library\SIP.llb
Sun Jun 03 17:26:37 Loaded file C:\PROGRAM FILES\ORCAD\LAYOUT_PLUS\library\SM.llb
Sun Jun 03 17:26:37 Loaded file C:\PROGRAM FILES\ORCAD\LAYOUT_PLUS\library\SOG.llb
Sun Jun 03 17:26:37 Loaded file C:\PROGRAM FILES\ORCAD\LAYOUT_PLUS\library\SOJ.llb
Sun Jun 03 17:26:37 Loaded file C:\PROGRAM FILES\ORCAD\LAYOUT_PLUS\library\STIFF.llb
Sun Jun 03 17:26:37 Loaded file C:\PROGRAM FILES\ORCAD\LAYOUT_PLUS\library\TELE.llb
Sun Jun 03 17:26:38 Loaded file C:\PROGRAM FILES\ORCAD\LAYOUT_PLUS\library\TM_AXIAL.llb
Sun Jun 03 17:26:38 Loaded file C:\PROGRAM FILES\ORCAD\LAYOUT_PLUS\library\TM_CAP_P.llb
Sun Jun 03 17:26:38 Loaded file C:\PROGRAM FILES\ORCAD\LAYOUT_PLUS\library\TM_CYLND.llb
Sun Jun 03 17:26:38 Loaded file C:\PROGRAM FILES\ORCAD\LAYOUT_PLUS\library\TM_DIODE.llb
Sun Jun 03 17:26:38 Loaded file C:\PROGRAM FILES\ORCAD\LAYOUT_PLUS\library\TM_DISC.llb
Sun Jun 03 17:26:39 Loaded file C:\PROGRAM FILES\ORCAD\LAYOUT_PLUS\library\TM_RAD.llb
Sun Jun 03 17:26:39 Loaded file C:\PROGRAM FILES\ORCAD\LAYOUT_PLUS\library\TO.llb
Sun Jun 03 17:26:39 Loaded file C:\PROGRAM FILES\ORCAD\LAYOUT_PLUS\library\TRAINING.LLB
Sun Jun 03 17:26:39 Loaded file C:\PROGRAM FILES\ORCAD\LAYOUT_PLUS\library\VRES.llb
Sun Jun 03 17:26:39 Loaded file C:\PROGRAM FILES\ORCAD\LAYOUT_PLUS\library\WCON100T.llb
Sun Jun 03 17:26:40 Loaded file C:\PROGRAM FILES\ORCAD\LAYOUT_PLUS\library\XT.llb
Sun Jun 03 17:26:40 Loaded file C:\PROGRAM FILES\ORCAD\LAYOUT_PLUS\library\ZIGZAG.llb
Sun Jun 03 17:26:40 Loaded file C:\MEUS DOCUMENTOS\PROJETOS\TEMPLATE\BLIBIOTECA LAYOUT.LLB
Sun Jun 03 17:26:40 Loaded file C:\MEUS DOCUMENTOS\PROJETOS\TEMPLATE\BLIBIOTECA LAYOUT.LLB
Sun Jun 03 17:26:40 Loaded file C:\MEUS DOCUMENTOS\PROJETOS\TEMPLATE\BLIBIOTECA LAYOUT.LLB
Sun Jun 03 17:26:41 Loaded file C:\MEUS DOCUMENTOS\PROJETOS\TEMPLATE\BLIBIOTECA LAYOUT.LLB
Sun Jun 03 17:26:41 Loaded file C:\MEUS DOCUMENTOS\PROJETOS\TEMPLATE\BLIBIOTECA LAYOUT.LLB
Sun Jun 03 17:26:41 Loaded file C:\MEUS DOCUMENTOS\PROJETOS\TEMPLATE\BLIBIOTECA LAYOUT.LLB
Sun Jun 03 17:26:41 Saved as file C:\MEUS DOCUMENTOS\PROJETOS\REGULADOR D FONTE\BACKUP1.MAX
Sun Jun 03 17:26:42 Loaded file C:\MEUS DOCUMENTOS\PROJETOS\REGULADOR D FONTE\BACKUP1.MAX
Sun Jun 03 17:28:03 Saved as file C:\MEUS DOCUMENTOS\PROJETOS\REGULADOR D FONTE\REGULADOR.MAX
Sun Jun 03 17:28:03 Saved as file BACKUP1.MAX
Sun Jun 03 17:28:03 Saved as file C:\MEUS DOCUMENTOS\PROJETOS\REGULADOR D FONTE\REGULADOR.MAX
Sun Jun 03 17:28:04 UserDiv from Layout.INI for AutoECO: 60
Sun Jun 03 17:28:05 Loaded file C:\MEUS DOCUMENTOS\PROJETOS\REGULADOR D FONTE\REGULADOR.MAX
Sun Jun 03 17:28:06 Loaded file C:\MEUS DOCUMENTOS\PROJETOS\TEMPLATE\BLIBIOTECA LAYOUT.LLB
Sun Jun 03 17:28:06 Loaded file C:\PROGRAM FILES\ORCAD\LAYOUT_PLUS\library\BCON100T.llb
Sun Jun 03 17:28:06 Loaded file C:\PROGRAM FILES\ORCAD\LAYOUT_PLUS\library\BCON156T.llb
Sun Jun 03 17:28:07 Loaded file C:\PROGRAM FILES\ORCAD\LAYOUT_PLUS\library\BGA.llb
Sun Jun 03 17:28:07 Loaded file C:\PROGRAM FILES\ORCAD\LAYOUT_PLUS\library\CLCC.llb
Sun Jun 03 17:28:07 Loaded file C:\PROGRAM FILES\ORCAD\LAYOUT_PLUS\library\DCON050T.llb
Sun Jun 03 17:28:07 Loaded file C:\PROGRAM FILES\ORCAD\LAYOUT_PLUS\library\DCON085T.llb
Sun Jun 03 17:28:08 Loaded file C:\PROGRAM FILES\ORCAD\LAYOUT_PLUS\library\DIMM050F.llb
Sun Jun 03 17:28:08 Loaded file C:\PROGRAM FILES\ORCAD\LAYOUT_PLUS\library\DIMM050T.llb
Sun Jun 03 17:28:08 Loaded file C:\PROGRAM FILES\ORCAD\LAYOUT_PLUS\library\DIN.llb
Sun Jun 03 17:28:08 Loaded file C:\PROGRAM FILES\ORCAD\LAYOUT_PLUS\library\DIP100B.llb
Sun Jun 03 17:28:08 Loaded file C:\PROGRAM FILES\ORCAD\LAYOUT_PLUS\library\DIP100T.llb
Sun Jun 03 17:28:08 Loaded file C:\PROGRAM FILES\ORCAD\LAYOUT_PLUS\library\DSUBT.llb
Sun Jun 03 17:28:08 Loaded file C:\PROGRAM FILES\ORCAD\LAYOUT_PLUS\library\DSUBT_HD.LLB
Sun Jun 03 17:28:08 Loaded file C:\PROGRAM FILES\ORCAD\LAYOUT_PLUS\library\ECON100T.llb
Sun Jun 03 17:28:09 Loaded file C:\PROGRAM FILES\ORCAD\LAYOUT_PLUS\library\FBUS.llb
Sun Jun 03 17:28:09 Loaded file C:\PROGRAM FILES\ORCAD\LAYOUT_PLUS\library\ISA.llb
Sun Jun 03 17:28:09 Loaded file C:\PROGRAM FILES\ORCAD\LAYOUT_PLUS\library\JUMPER.LLB
Sun Jun 03 17:28:09 Loaded file C:\PROGRAM FILES\ORCAD\LAYOUT_PLUS\library\LAYOUT.llb
Sun Jun 03 17:28:09 Loaded file C:\PROGRAM FILES\ORCAD\LAYOUT_PLUS\library\LCON100T.llb
Sun Jun 03 17:28:09 Loaded file C:\PROGRAM FILES\ORCAD\LAYOUT_PLUS\library\PC104.llb
Sun Jun 03 17:28:09 Loaded file C:\PROGRAM FILES\ORCAD\LAYOUT_PLUS\library\PCI.llb
Sun Jun 03 17:28:09 Loaded file C:\PROGRAM FILES\ORCAD\LAYOUT_PLUS\library\PCON100T.llb
Sun Jun 03 17:28:09 Loaded file C:\PROGRAM FILES\ORCAD\LAYOUT_PLUS\library\PCON156T.llb
Sun Jun 03 17:28:10 Loaded file C:\PROGRAM FILES\ORCAD\LAYOUT_PLUS\library\PGA.llb
Sun Jun 03 17:28:10 Loaded file C:\PROGRAM FILES\ORCAD\LAYOUT_PLUS\library\PLCC.llb
Sun Jun 03 17:28:11 Loaded file C:\PROGRAM FILES\ORCAD\LAYOUT_PLUS\library\QUAD.llb
Sun Jun 03 17:28:11 Loaded file C:\PROGRAM FILES\ORCAD\LAYOUT_PLUS\library\QUADB.llb
Sun Jun 03 17:28:11 Loaded file C:\PROGRAM FILES\ORCAD\LAYOUT_PLUS\library\RELAY.llb
Sun Jun 03 17:28:11 Loaded file C:\PROGRAM FILES\ORCAD\LAYOUT_PLUS\library\RF.llb
Sun Jun 03 17:28:11 Loaded file C:\PROGRAM FILES\ORCAD\LAYOUT_PLUS\library\SBUS.llb
Sun Jun 03 17:28:11 Loaded file C:\PROGRAM FILES\ORCAD\LAYOUT_PLUS\library\SIMM050F.llb
Sun Jun 03 17:28:12 Loaded file C:\PROGRAM FILES\ORCAD\LAYOUT_PLUS\library\SIMM050T.llb
Sun Jun 03 17:28:12 Loaded file C:\PROGRAM FILES\ORCAD\LAYOUT_PLUS\library\SIMM100F.llb
Sun Jun 03 17:28:12 Loaded file C:\PROGRAM FILES\ORCAD\LAYOUT_PLUS\library\SIMM100T.llb
Sun Jun 03 17:28:12 Loaded file C:\PROGRAM FILES\ORCAD\LAYOUT_PLUS\library\SIP.llb
Sun Jun 03 17:28:12 Loaded file C:\PROGRAM FILES\ORCAD\LAYOUT_PLUS\library\SM.llb
Sun Jun 03 17:28:12 Loaded file C:\PROGRAM FILES\ORCAD\LAYOUT_PLUS\library\SOG.llb
Sun Jun 03 17:28:13 Loaded file C:\PROGRAM FILES\ORCAD\LAYOUT_PLUS\library\SOJ.llb
Sun Jun 03 17:28:13 Loaded file C:\PROGRAM FILES\ORCAD\LAYOUT_PLUS\library\STIFF.llb
Sun Jun 03 17:28:13 Loaded file C:\PROGRAM FILES\ORCAD\LAYOUT_PLUS\library\TELE.llb
Sun Jun 03 17:28:13 Loaded file C:\PROGRAM FILES\ORCAD\LAYOUT_PLUS\library\TM_AXIAL.llb
Sun Jun 03 17:28:13 Loaded file C:\PROGRAM FILES\ORCAD\LAYOUT_PLUS\library\TM_CAP_P.llb
Sun Jun 03 17:28:13 Loaded file C:\PROGRAM FILES\ORCAD\LAYOUT_PLUS\library\TM_CYLND.llb
Sun Jun 03 17:28:14 Loaded file C:\PROGRAM FILES\ORCAD\LAYOUT_PLUS\library\TM_DIODE.llb
Sun Jun 03 17:28:14 Loaded file C:\PROGRAM FILES\ORCAD\LAYOUT_PLUS\library\TM_DISC.llb
Sun Jun 03 17:28:14 Loaded file C:\PROGRAM FILES\ORCAD\LAYOUT_PLUS\library\TM_RAD.llb
Sun Jun 03 17:28:14 Loaded file C:\PROGRAM FILES\ORCAD\LAYOUT_PLUS\library\TO.llb
Sun Jun 03 17:28:15 Loaded file C:\PROGRAM FILES\ORCAD\LAYOUT_PLUS\library\TRAINING.LLB
Sun Jun 03 17:28:15 Loaded file C:\PROGRAM FILES\ORCAD\LAYOUT_PLUS\library\VRES.llb
Sun Jun 03 17:28:15 Loaded file C:\PROGRAM FILES\ORCAD\LAYOUT_PLUS\library\WCON100T.llb
Sun Jun 03 17:28:15 Loaded file C:\PROGRAM FILES\ORCAD\LAYOUT_PLUS\library\XT.llb
Sun Jun 03 17:28:15 Loaded file C:\PROGRAM FILES\ORCAD\LAYOUT_PLUS\library\ZIGZAG.llb
Sun Jun 03 17:28:16 Loaded file C:\MEUS DOCUMENTOS\PROJETOS\TEMPLATE\BLIBIOTECA LAYOUT.LLB
Sun Jun 03 17:28:16 Loaded file C:\MEUS DOCUMENTOS\PROJETOS\TEMPLATE\BLIBIOTECA LAYOUT.LLB
Sun Jun 03 17:28:16 Loaded file C:\MEUS DOCUMENTOS\PROJETOS\TEMPLATE\BLIBIOTECA LAYOUT.LLB
Sun Jun 03 17:28:16 Loaded file C:\MEUS DOCUMENTOS\PROJETOS\TEMPLATE\BLIBIOTECA LAYOUT.LLB
Sun Jun 03 17:28:16 Loaded file C:\MEUS DOCUMENTOS\PROJETOS\TEMPLATE\BLIBIOTECA LAYOUT.LLB
Sun Jun 03 17:28:17 Saved as file C:\MEUS DOCUMENTOS\PROJETOS\REGULADOR D FONTE\REGULADOR.MAX
Sun Jun 03 17:28:17 Loaded file C:\MEUS DOCUMENTOS\PROJETOS\REGULADOR D FONTE\REGULADOR.MAX
Sun Jun 03 17:29:34 Loaded file C:\PROGRAM FILES\ORCAD\LAYOUT_PLUS\data\template.imp
Sun Jun 03 17:29:35 Loaded file C:\PROGRAM FILES\ORCAD\LAYOUT_PLUS\data\template.imp
Sun Jun 03 17:29:35 Loaded file C:\PROGRAM FILES\ORCAD\LAYOUT_PLUS\data\template.imp
Sun Jun 03 17:29:36 Loaded file C:\PROGRAM FILES\ORCAD\LAYOUT_PLUS\data\template.imp
Sun Jun 03 17:37:03 Saved as file C:\MEUS DOCUMENTOS\PROJETOS\REGULADOR D FONTE\REGULADOR.MAX
Sun Jun 03 17:38:44 Saved as file BACKUP1.MAX
Sun Jun 03 17:39:45 Saved as file C:\MEUS DOCUMENTOS\PROJETOS\REGULADOR D FONTE\REGULADOR.MAX
Sun Jun 03 17:41:24 Saved as file C:\MEUS DOCUMENTOS\PROJETOS\REGULADOR D FONTE\REGULADOR.MAX
Sun Jun 03 17:42:10 Saved as file C:\MEUS DOCUMENTOS\PROJETOS\REGULADOR D FONTE\REGULADOR.MAX
Sun Jun 03 17:42:14 Saved as file C:\MEUS DOCUMENTOS\PROJETOS\REGULADOR D FONTE\REGULADOR.MAX
Sun Jun 03 17:48:10 Saved as file C:\MEUS DOCUMENTOS\PROJETOS\REGULADOR D FONTE\REGULADOR.MAX
Sun Jun 03 17:48:21 Saved as file C:\MEUS DOCUMENTOS\PROJETOS\REGULADOR D FONTE\REGULADOR.MAX
Sun Jun 03 18:25:53 Loaded file C:\MEUS DOCUMENTOS\PROJETOS\REGULADOR D FONTE\REGULADOR.MAX
Sun Jun 03 18:25:53 Loaded file C:\MEUS DOCUMENTOS\PROJETOS\TEMPLATE\BLIBIOTECA LAYOUT.LLB
Sun Jun 03 18:25:53 Loaded file C:\PROGRAM FILES\ORCAD\LAYOUT_PLUS\library\BCON100T.llb
Sun Jun 03 18:25:54 Loaded file C:\PROGRAM FILES\ORCAD\LAYOUT_PLUS\library\BCON156T.llb
Sun Jun 03 18:25:54 Loaded file C:\PROGRAM FILES\ORCAD\LAYOUT_PLUS\library\BGA.llb
Sun Jun 03 18:25:54 Loaded file C:\PROGRAM FILES\ORCAD\LAYOUT_PLUS\library\CLCC.llb
Sun Jun 03 18:25:55 Loaded file C:\PROGRAM FILES\ORCAD\LAYOUT_PLUS\library\DCON050T.llb
Sun Jun 03 18:25:55 Loaded file C:\PROGRAM FILES\ORCAD\LAYOUT_PLUS\library\DCON085T.llb
Sun Jun 03 18:25:55 Loaded file C:\PROGRAM FILES\ORCAD\LAYOUT_PLUS\library\DIMM050F.llb
Sun Jun 03 18:25:55 Loaded file C:\PROGRAM FILES\ORCAD\LAYOUT_PLUS\library\DIMM050T.llb
Sun Jun 03 18:25:55 Loaded file C:\PROGRAM FILES\ORCAD\LAYOUT_PLUS\library\DIN.llb
Sun Jun 03 18:25:55 Loaded file C:\PROGRAM FILES\ORCAD\LAYOUT_PLUS\library\DIP100B.llb
Sun Jun 03 18:25:55 Loaded file C:\PROGRAM FILES\ORCAD\LAYOUT_PLUS\library\DIP100T.llb
Sun Jun 03 18:25:55 Loaded file C:\PROGRAM FILES\ORCAD\LAYOUT_PLUS\library\DSUBT.llb
Sun Jun 03 18:25:55 Loaded file C:\PROGRAM FILES\ORCAD\LAYOUT_PLUS\library\DSUBT_HD.LLB
Sun Jun 03 18:25:55 Loaded file C:\PROGRAM FILES\ORCAD\LAYOUT_PLUS\library\ECON100T.llb
Sun Jun 03 18:25:56 Loaded file C:\PROGRAM FILES\ORCAD\LAYOUT_PLUS\library\FBUS.llb
Sun Jun 03 18:25:56 Loaded file C:\PROGRAM FILES\ORCAD\LAYOUT_PLUS\library\ISA.llb
Sun Jun 03 18:25:56 Loaded file C:\PROGRAM FILES\ORCAD\LAYOUT_PLUS\library\JUMPER.LLB
Sun Jun 03 18:25:56 Loaded file C:\PROGRAM FILES\ORCAD\LAYOUT_PLUS\library\LAYOUT.llb
Sun Jun 03 18:25:56 Loaded file C:\PROGRAM FILES\ORCAD\LAYOUT_PLUS\library\LCON100T.llb
Sun Jun 03 18:25:56 Loaded file C:\PROGRAM FILES\ORCAD\LAYOUT_PLUS\library\PC104.llb
Sun Jun 03 18:25:56 Loaded file C:\PROGRAM FILES\ORCAD\LAYOUT_PLUS\library\PCI.llb
Sun Jun 03 18:25:56 Loaded file C:\PROGRAM FILES\ORCAD\LAYOUT_PLUS\library\PCON100T.llb
Sun Jun 03 18:25:56 Loaded file C:\PROGRAM FILES\ORCAD\LAYOUT_PLUS\library\PCON156T.llb
Sun Jun 03 18:25:57 Loaded file C:\PROGRAM FILES\ORCAD\LAYOUT_PLUS\library\PGA.llb
Sun Jun 03 18:25:57 Loaded file C:\PROGRAM FILES\ORCAD\LAYOUT_PLUS\library\PLCC.llb
Sun Jun 03 18:25:58 Loaded file C:\PROGRAM FILES\ORCAD\LAYOUT_PLUS\library\QUAD.llb
Sun Jun 03 18:25:58 Loaded file C:\PROGRAM FILES\ORCAD\LAYOUT_PLUS\library\QUADB.llb
Sun Jun 03 18:25:58 Loaded file C:\PROGRAM FILES\ORCAD\LAYOUT_PLUS\library\RELAY.llb
Sun Jun 03 18:25:58 Loaded file C:\PROGRAM FILES\ORCAD\LAYOUT_PLUS\library\RF.llb
Sun Jun 03 18:25:58 Loaded file C:\PROGRAM FILES\ORCAD\LAYOUT_PLUS\library\SBUS.llb
Sun Jun 03 18:25:58 Loaded file C:\PROGRAM FILES\ORCAD\LAYOUT_PLUS\library\SIMM050F.llb
Sun Jun 03 18:25:59 Loaded file C:\PROGRAM FILES\ORCAD\LAYOUT_PLUS\library\SIMM050T.llb
Sun Jun 03 18:25:59 Loaded file C:\PROGRAM FILES\ORCAD\LAYOUT_PLUS\library\SIMM100F.llb
Sun Jun 03 18:25:59 Loaded file C:\PROGRAM FILES\ORCAD\LAYOUT_PLUS\library\SIMM100T.llb
Sun Jun 03 18:25:59 Loaded file C:\PROGRAM FILES\ORCAD\LAYOUT_PLUS\library\SIP.llb
Sun Jun 03 18:25:59 Loaded file C:\PROGRAM FILES\ORCAD\LAYOUT_PLUS\library\SM.llb
Sun Jun 03 18:25:59 Loaded file C:\PROGRAM FILES\ORCAD\LAYOUT_PLUS\library\SOG.llb
Sun Jun 03 18:26:00 Loaded file C:\PROGRAM FILES\ORCAD\LAYOUT_PLUS\library\SOJ.llb
Sun Jun 03 18:26:00 Loaded file C:\PROGRAM FILES\ORCAD\LAYOUT_PLUS\library\STIFF.llb
Sun Jun 03 18:26:00 Loaded file C:\PROGRAM FILES\ORCAD\LAYOUT_PLUS\library\TELE.llb
Sun Jun 03 18:26:00 Loaded file C:\PROGRAM FILES\ORCAD\LAYOUT_PLUS\library\TM_AXIAL.llb
Sun Jun 03 18:26:00 Loaded file C:\PROGRAM FILES\ORCAD\LAYOUT_PLUS\library\TM_CAP_P.llb
Sun Jun 03 18:26:01 Loaded file C:\PROGRAM FILES\ORCAD\LAYOUT_PLUS\library\TM_CYLND.llb
Sun Jun 03 18:26:01 Loaded file C:\PROGRAM FILES\ORCAD\LAYOUT_PLUS\library\TM_DIODE.llb
Sun Jun 03 18:26:01 Loaded file C:\PROGRAM FILES\ORCAD\LAYOUT_PLUS\library\TM_DISC.llb
Sun Jun 03 18:26:01 Loaded file C:\PROGRAM FILES\ORCAD\LAYOUT_PLUS\library\TM_RAD.llb
Sun Jun 03 18:26:02 Loaded file C:\PROGRAM FILES\ORCAD\LAYOUT_PLUS\library\TO.llb
Sun Jun 03 18:26:02 Loaded file C:\PROGRAM FILES\ORCAD\LAYOUT_PLUS\library\TRAINING.LLB
Sun Jun 03 18:26:02 Loaded file C:\PROGRAM FILES\ORCAD\LAYOUT_PLUS\library\VRES.llb
Sun Jun 03 18:26:02 Loaded file C:\PROGRAM FILES\ORCAD\LAYOUT_PLUS\library\WCON100T.llb
Sun Jun 03 18:26:02 Loaded file C:\PROGRAM FILES\ORCAD\LAYOUT_PLUS\library\XT.llb
Sun Jun 03 18:26:02 Loaded file C:\PROGRAM FILES\ORCAD\LAYOUT_PLUS\library\ZIGZAG.llb
Sun Jun 03 18:26:49 Saved as file C:\MEUS DOCUMENTOS\PROJETOS\REGULADOR D FONTE\REGULADOR.MAX
Sun Jun 03 19:17:55 Loaded file C:\Meus documentos\Projetos\Regulador d Fonte\REGULADOR.MAX
Sun Jun 03 20:59:38 Saved as file C:\MEUS DOCUMENTOS\PROJETOS\REGULADOR D FONTE\REGULADOR.MAX
Sun Jun 03 20:59:56 Loaded file C:\Meus documentos\Projetos\Regulador d Fonte\REGULADOR.MAX
